<?xml version="1.0" encoding="UTF-8" ?>
<testsuite tests="24" failures="6" name="com.adactin.runner.TestRunner" time="0.071" errors="0" skipped="0">
  <properties>
    <property name="java.runtime.name" value="Java(TM) SE Runtime Environment"/>
    <property name="sun.boot.library.path" value="C:\Program Files\Java\jdk1.8.0_251\jre\bin"/>
    <property name="java.vm.version" value="25.251-b08"/>
    <property name="java.vm.vendor" value="Oracle Corporation"/>
    <property name="maven.multiModuleProjectDirectory" value="C:\Users\ELCOT-Lenovo\eclipse-workspace\AdactinCucumber"/>
    <property name="java.vendor.url" value="http://java.oracle.com/"/>
    <property name="path.separator" value=";"/>
    <property name="guice.disable.misplaced.annotation.check" value="true"/>
    <property name="java.vm.name" value="Java HotSpot(TM) 64-Bit Server VM"/>
    <property name="file.encoding.pkg" value="sun.io"/>
    <property name="user.script" value=""/>
    <property name="user.country" value="IN"/>
    <property name="sun.java.launcher" value="SUN_STANDARD"/>
    <property name="sun.os.patch.level" value=""/>
    <property name="java.vm.specification.name" value="Java Virtual Machine Specification"/>
    <property name="user.dir" value="C:\Users\ELCOT-Lenovo\eclipse-workspace\AdactinCucumber"/>
    <property name="java.runtime.version" value="1.8.0_251-b08"/>
    <property name="java.awt.graphicsenv" value="sun.awt.Win32GraphicsEnvironment"/>
    <property name="java.endorsed.dirs" value="C:\Program Files\Java\jdk1.8.0_251\jre\lib\endorsed"/>
    <property name="os.arch" value="amd64"/>
    <property name="java.io.tmpdir" value="C:\Users\ELCOT-~1\AppData\Local\Temp\"/>
    <property name="line.separator" value="
"/>
    <property name="java.vm.specification.vendor" value="Oracle Corporation"/>
    <property name="user.variant" value=""/>
    <property name="os.name" value="Windows 10"/>
    <property name="classworlds.conf" value="C:\Users\ELCOT-Lenovo\eclipse-workspace\.metadata\.plugins\org.eclipse.m2e.launching\launches\m2conf6093154360182486701.tmp"/>
    <property name="sun.jnu.encoding" value="Cp1252"/>
    <property name="java.library.path" value="C:\Program Files\Java\jdk1.8.0_251\bin;C:\WINDOWS\Sun\Java\bin;C:\WINDOWS\system32;C:\WINDOWS;C:/Program Files/Java/jre1.8.0_261/bin/server;C:/Program Files/Java/jre1.8.0_261/bin;C:/Program Files/Java/jre1.8.0_261/lib/amd64;C:\Program Files (x86)\Common Files\Oracle\Java\javapath;C:\Program Files (x86)\Intel\iCLS Client\;C:\Program Files\Intel\iCLS Client\;C:\WINDOWS\system32;C:\WINDOWS;C:\WINDOWS\System32\Wbem;C:\WINDOWS\System32\WindowsPowerShell\v1.0\;C:\Program Files\Intel\Intel(R) Management Engine Components\DAL;C:\Program Files\Intel\Intel(R) Management Engine Components\IPT;C:\Program Files (x86)\Intel\Intel(R) Management Engine Components\DAL;C:\Program Files (x86)\Intel\Intel(R) Management Engine Components\IPT;C:\Program Files (x86)\QuickTime\QTSystem\;C:\WINDOWS\System32\OpenSSH\;C:\Program Files\Java\jre1.8.0_251;C:\Users\Maven\apache-maven-3.6.3\bin;C:\Program Files (x86)\Microsoft Visual Studio\Common\Tools\WinNT;C:\Program Files (x86)\Microsoft Visual Studio\Common\MSDev98\Bin;C:\Program Files (x86)\Microsoft Visual Studio\Common\Tools;C:\Program Files (x86)\Microsoft Visual Studio\VC98\bin;C:\AppServ\Apache2.2\bin;C:\AppServ\php5;C:\AppServ\MySQL\bin;C:\Users\ELCOT-Lenovo\AppData\Local\Microsoft\WindowsApps;;C:\Users\eclipse-java-2018-09-win32-x86_64\eclipse;;."/>
    <property name="java.specification.name" value="Java Platform API Specification"/>
    <property name="java.class.version" value="52.0"/>
    <property name="sun.management.compiler" value="HotSpot 64-Bit Tiered Compilers"/>
    <property name="os.version" value="10.0"/>
    <property name="user.home" value="C:\Users\ELCOT-Lenovo"/>
    <property name="user.timezone" value="Asia/Calcutta"/>
    <property name="java.awt.printerjob" value="sun.awt.windows.WPrinterJob"/>
    <property name="java.specification.version" value="1.8"/>
    <property name="file.encoding" value="Cp1252"/>
    <property name="user.name" value="ELCOT"/>
    <property name="java.class.path" value="C:\Users\eclipse-java-2018-09-win32-x86_64\eclipse\plugins\org.eclipse.m2e.maven.runtime_1.9.1.20180912-1600\jars\plexus-classworlds-2.5.2.jar"/>
    <property name="java.vm.specification.version" value="1.8"/>
    <property name="sun.arch.data.model" value="64"/>
    <property name="java.home" value="C:\Program Files\Java\jdk1.8.0_251\jre"/>
    <property name="sun.java.command" value="org.codehaus.plexus.classworlds.launcher.Launcher -B test"/>
    <property name="java.specification.vendor" value="Oracle Corporation"/>
    <property name="user.language" value="en"/>
    <property name="awt.toolkit" value="sun.awt.windows.WToolkit"/>
    <property name="java.vm.info" value="mixed mode"/>
    <property name="java.version" value="1.8.0_251"/>
    <property name="java.ext.dirs" value="C:\Program Files\Java\jdk1.8.0_251\jre\lib\ext;C:\WINDOWS\Sun\Java\lib\ext"/>
    <property name="sun.boot.class.path" value="C:\Program Files\Java\jdk1.8.0_251\jre\lib\resources.jar;C:\Program Files\Java\jdk1.8.0_251\jre\lib\rt.jar;C:\Program Files\Java\jdk1.8.0_251\jre\lib\sunrsasign.jar;C:\Program Files\Java\jdk1.8.0_251\jre\lib\jsse.jar;C:\Program Files\Java\jdk1.8.0_251\jre\lib\jce.jar;C:\Program Files\Java\jdk1.8.0_251\jre\lib\charsets.jar;C:\Program Files\Java\jdk1.8.0_251\jre\lib\jfr.jar;C:\Program Files\Java\jdk1.8.0_251\jre\classes"/>
    <property name="java.vendor" value="Oracle Corporation"/>
    <property name="maven.home" value="C:\Users\ELCOT-Lenovo\eclipse-workspace\AdactinCucumber\EMBEDDED"/>
    <property name="file.separator" value="\"/>
    <property name="java.vendor.url.bug" value="http://bugreport.sun.com/bugreport/"/>
    <property name="sun.cpu.endian" value="little"/>
    <property name="sun.io.unicode.encoding" value="UnicodeLittle"/>
    <property name="sun.desktop" value="windows"/>
    <property name="sun.cpu.isalist" value="amd64"/>
  </properties>
  <testcase classname="| AAAA | 1111 |" name="Given user launch the Adactin application" time="0.015"/>
  <testcase classname="| AAAA | 1111 |" name="When user log into the application" time="0.026"/>
  <testcase classname="| AAAA | 1111 |" name="Given User launch the application" time="0"/>
  <testcase classname="| AAAA | 1111 |" name="When User enters the valid &quot;AAAA&quot;in the Username field" time="0"/>
  <testcase classname="| AAAA | 1111 |" name="And User enters the valid  &quot;1111&quot;  in the password field" time="0"/>
  <testcase classname="| AAAA | 1111 |" name="And User clicks on the login Button" time="0"/>
  <testcase classname="| AAAA | 1111 |" name="Then User verify the Homepage navigates to the search Hotel Page" time="0.015">
    <failure message="expected:&lt;[A]&gt; but was:&lt;[a]&gt;" type="junit.framework.ComparisonFailure">junit.framework.ComparisonFailure: expected:&lt;[A]&gt; but was:&lt;[a]&gt;
	at junit.framework.Assert.assertEquals(Assert.java:100)
	at junit.framework.Assert.assertEquals(Assert.java:107)
	at com.adactin.stepdefinition.StepDefinition.user_verify_the_Homepage_navigates_to_the_search_Hotel_Page(StepDefinition.java:76)
	at ✽.Then User verify the Homepage navigates to the search Hotel Page(src/test/java/com/adactin/feature/Adactin.feature:13)
</failure>
  </testcase>
  <testcase classname="| AAAA | 1111 |" name="| AAAA | 1111 |" time="0.015">
    <failure message="expected:&lt;[A]&gt; but was:&lt;[a]&gt;" type="junit.framework.ComparisonFailure">junit.framework.ComparisonFailure: expected:&lt;[A]&gt; but was:&lt;[a]&gt;
	at junit.framework.Assert.assertEquals(Assert.java:100)
	at junit.framework.Assert.assertEquals(Assert.java:107)
	at com.adactin.stepdefinition.StepDefinition.user_verify_the_Homepage_navigates_to_the_search_Hotel_Page(StepDefinition.java:76)
	at ✽.Then User verify the Homepage navigates to the search Hotel Page(src/test/java/com/adactin/feature/Adactin.feature:13)
</failure>
  </testcase>
  <testcase classname="| BBBB | 2222 |" name="Given user launch the Adactin application" time="0"/>
  <testcase classname="| BBBB | 2222 |" name="When user log into the application" time="0"/>
  <testcase classname="| BBBB | 2222 |" name="Given User launch the application" time="0"/>
  <testcase classname="| BBBB | 2222 |" name="When User enters the valid &quot;BBBB&quot;in the Username field" time="0"/>
  <testcase classname="| BBBB | 2222 |" name="And User enters the valid  &quot;2222&quot;  in the password field" time="0"/>
  <testcase classname="| BBBB | 2222 |" name="And User clicks on the login Button" time="0"/>
  <testcase classname="| BBBB | 2222 |" name="Then User verify the Homepage navigates to the search Hotel Page" time="0">
    <failure message="expected:&lt;[A]&gt; but was:&lt;[a]&gt;" type="junit.framework.ComparisonFailure">junit.framework.ComparisonFailure: expected:&lt;[A]&gt; but was:&lt;[a]&gt;
	at junit.framework.Assert.assertEquals(Assert.java:100)
	at junit.framework.Assert.assertEquals(Assert.java:107)
	at com.adactin.stepdefinition.StepDefinition.user_verify_the_Homepage_navigates_to_the_search_Hotel_Page(StepDefinition.java:76)
	at ✽.Then User verify the Homepage navigates to the search Hotel Page(src/test/java/com/adactin/feature/Adactin.feature:13)
</failure>
  </testcase>
  <testcase classname="| BBBB | 2222 |" name="| BBBB | 2222 |" time="0">
    <failure message="expected:&lt;[A]&gt; but was:&lt;[a]&gt;" type="junit.framework.ComparisonFailure">junit.framework.ComparisonFailure: expected:&lt;[A]&gt; but was:&lt;[a]&gt;
	at junit.framework.Assert.assertEquals(Assert.java:100)
	at junit.framework.Assert.assertEquals(Assert.java:107)
	at com.adactin.stepdefinition.StepDefinition.user_verify_the_Homepage_navigates_to_the_search_Hotel_Page(StepDefinition.java:76)
	at ✽.Then User verify the Homepage navigates to the search Hotel Page(src/test/java/com/adactin/feature/Adactin.feature:13)
</failure>
  </testcase>
  <testcase classname="| Bhuvanpupathy | Adactin@21 |" name="Given user launch the Adactin application" time="0"/>
  <testcase classname="| Bhuvanpupathy | Adactin@21 |" name="When user log into the application" time="0"/>
  <testcase classname="| Bhuvanpupathy | Adactin@21 |" name="Given User launch the application" time="0"/>
  <testcase classname="| Bhuvanpupathy | Adactin@21 |" name="When User enters the valid &quot;Bhuvanpupathy&quot;in the Username field" time="0"/>
  <testcase classname="| Bhuvanpupathy | Adactin@21 |" name="And User enters the valid  &quot;Adactin@21&quot;  in the password field" time="0"/>
  <testcase classname="| Bhuvanpupathy | Adactin@21 |" name="And User clicks on the login Button" time="0"/>
  <testcase classname="| Bhuvanpupathy | Adactin@21 |" name="Then User verify the Homepage navigates to the search Hotel Page" time="0">
    <failure message="expected:&lt;[A]&gt; but was:&lt;[a]&gt;" type="junit.framework.ComparisonFailure">junit.framework.ComparisonFailure: expected:&lt;[A]&gt; but was:&lt;[a]&gt;
	at junit.framework.Assert.assertEquals(Assert.java:100)
	at junit.framework.Assert.assertEquals(Assert.java:107)
	at com.adactin.stepdefinition.StepDefinition.user_verify_the_Homepage_navigates_to_the_search_Hotel_Page(StepDefinition.java:76)
	at ✽.Then User verify the Homepage navigates to the search Hotel Page(src/test/java/com/adactin/feature/Adactin.feature:13)
</failure>
  </testcase>
  <testcase classname="| Bhuvanpupathy | Adactin@21 |" name="| Bhuvanpupathy | Adactin@21 |" time="0">
    <failure message="expected:&lt;[A]&gt; but was:&lt;[a]&gt;" type="junit.framework.ComparisonFailure">junit.framework.ComparisonFailure: expected:&lt;[A]&gt; but was:&lt;[a]&gt;
	at junit.framework.Assert.assertEquals(Assert.java:100)
	at junit.framework.Assert.assertEquals(Assert.java:107)
	at com.adactin.stepdefinition.StepDefinition.user_verify_the_Homepage_navigates_to_the_search_Hotel_Page(StepDefinition.java:76)
	at ✽.Then User verify the Homepage navigates to the search Hotel Page(src/test/java/com/adactin/feature/Adactin.feature:13)
</failure>
  </testcase>
</testsuite>