<?xml version="1.0" encoding="UTF-8" ?>
<testsuite tests="24" failures="6" name="com.adactin.runner.TestRunner" time="0.071" errors="0" skipped="0">
  <properties>
[...]
</properties>
  <testcase classname="| AAAA | 1111 |" name="Given user launch the Adactin application" time="0.015"/>
  <testcase classname="| AAAA | 1111 |" name="When user log into the application" time="0.026"/>
  <testcase classname="| AAAA | 1111 |" name="Given User launch the application" time="0"/>
  <testcase classname="| AAAA | 1111 |" name="When User enters the valid &quot;AAAA&quot;in the Username field" time="0"/>
  <testcase classname="| AAAA | 1111 |" name="And User enters the valid  &quot;1111&quot;  in the password field" time="0"/>
  <testcase classname="| AAAA | 1111 |" name="And User clicks on the login Button" time="0"/>
  <testcase classname="| AAAA | 1111 |" name="Then User verify the Homepage navigates to the search Hotel Page" time="0.015">
    <failure message="expected:&lt;[A]&gt; but was:&lt;[a]&gt;" type="junit.framework.ComparisonFailure">junit.framework.ComparisonFailure: expected:&lt;[A]&gt; but was:&lt;[a]&gt;
	at junit.framework.Assert.assertEquals(Assert.java:100)
	at junit.framework.Assert.assertEquals(Assert.java:107)
	at com.adactin.stepdefinition.StepDefinition.user_verify_the_Homepage_navigates_to_the_search_Hotel_Page(StepDefinition.java:76)
	at ✽.Then User verify the Homepage navigates to the search Hotel Page(src/test/java/com/adactin/feature/Adactin.feature:13)
</failure>
  </testcase>
  <testcase classname="| AAAA | 1111 |" name="| AAAA | 1111 |" time="0.015">
    <failure message="expected:&lt;[A]&gt; but was:&lt;[a]&gt;" type="junit.framework.ComparisonFailure">junit.framework.ComparisonFailure: expected:&lt;[A]&gt; but was:&lt;[a]&gt;
	at junit.framework.Assert.assertEquals(Assert.java:100)
	at junit.framework.Assert.assertEquals(Assert.java:107)
	at com.adactin.stepdefinition.StepDefinition.user_verify_the_Homepage_navigates_to_the_search_Hotel_Page(StepDefinition.java:76)
	at ✽.Then User verify the Homepage navigates to the search Hotel Page(src/test/java/com/adactin/feature/Adactin.feature:13)
</failure>
  </testcase>
  <testcase classname="| BBBB | 2222 |" name="Given user launch the Adactin application" time="0"/>
  <testcase classname="| BBBB | 2222 |" name="When user log into the application" time="0"/>
  <testcase classname="| BBBB | 2222 |" name="Given User launch the application" time="0"/>
  <testcase classname="| BBBB | 2222 |" name="When User enters the valid &quot;BBBB&quot;in the Username field" time="0"/>
  <testcase classname="| BBBB | 2222 |" name="And User enters the valid  &quot;2222&quot;  in the password field" time="0"/>
  <testcase classname="| BBBB | 2222 |" name="And User clicks on the login Button" time="0"/>
  <testcase classname="| BBBB | 2222 |" name="Then User verify the Homepage navigates to the search Hotel Page" time="0">
    <failure message="expected:&lt;[A]&gt; but was:&lt;[a]&gt;" type="junit.framework.ComparisonFailure">junit.framework.ComparisonFailure: expected:&lt;[A]&gt; but was:&lt;[a]&gt;
	at junit.framework.Assert.assertEquals(Assert.java:100)
	at junit.framework.Assert.assertEquals(Assert.java:107)
	at com.adactin.stepdefinition.StepDefinition.user_verify_the_Homepage_navigates_to_the_search_Hotel_Page(StepDefinition.java:76)
	at ✽.Then User verify the Homepage navigates to the search Hotel Page(src/test/java/com/adactin/feature/Adactin.feature:13)
</failure>
  </testcase>
  <testcase classname="| BBBB | 2222 |" name="| BBBB | 2222 |" time="0">
    <failure message="expected:&lt;[A]&gt; but was:&lt;[a]&gt;" type="junit.framework.ComparisonFailure">junit.framework.ComparisonFailure: expected:&lt;[A]&gt; but was:&lt;[a]&gt;
	at junit.framework.Assert.assertEquals(Assert.java:100)
	at junit.framework.Assert.assertEquals(Assert.java:107)
	at com.adactin.stepdefinition.StepDefinition.user_verify_the_Homepage_navigates_to_the_search_Hotel_Page(StepDefinition.java:76)
	at ✽.Then User verify the Homepage navigates to the search Hotel Page(src/test/java/com/adactin/feature/Adactin.feature:13)
</failure>
  </testcase>
  <testcase classname="| Bhuvanpupathy | Adactin@21 |" name="Given user launch the Adactin application" time="0"/>
  <testcase classname="| Bhuvanpupathy | Adactin@21 |" name="When user log into the application" time="0"/>
  <testcase classname="| Bhuvanpupathy | Adactin@21 |" name="Given User launch the application" time="0"/>
  <testcase classname="| Bhuvanpupathy | Adactin@21 |" name="When User enters the valid &quot;Bhuvanpupathy&quot;in the Username field" time="0"/>
  <testcase classname="| Bhuvanpupathy | Adactin@21 |" name="And User enters the valid  &quot;Adactin@21&quot;  in the password field" time="0"/>
  <testcase classname="| Bhuvanpupathy | Adactin@21 |" name="And User clicks on the login Button" time="0"/>
  <testcase classname="| Bhuvanpupathy | Adactin@21 |" name="Then User verify the Homepage navigates to the search Hotel Page" time="0">
    <failure message="expected:&lt;[A]&gt; but was:&lt;[a]&gt;" type="junit.framework.ComparisonFailure">junit.framework.ComparisonFailure: expected:&lt;[A]&gt; but was:&lt;[a]&gt;
	at junit.framework.Assert.assertEquals(Assert.java:100)
	at junit.framework.Assert.assertEquals(Assert.java:107)
	at com.adactin.stepdefinition.StepDefinition.user_verify_the_Homepage_navigates_to_the_search_Hotel_Page(StepDefinition.java:76)
	at ✽.Then User verify the Homepage navigates to the search Hotel Page(src/test/java/com/adactin/feature/Adactin.feature:13)
</failure>
  </testcase>
  <testcase classname="| Bhuvanpupathy | Adactin@21 |" name="| Bhuvanpupathy | Adactin@21 |" time="0">
    <failure message="expected:&lt;[A]&gt; but was:&lt;[a]&gt;" type="junit.framework.ComparisonFailure">junit.framework.ComparisonFailure: expected:&lt;[A]&gt; but was:&lt;[a]&gt;
	at junit.framework.Assert.assertEquals(Assert.java:100)
	at junit.framework.Assert.assertEquals(Assert.java:107)
	at com.adactin.stepdefinition.StepDefinition.user_verify_the_Homepage_navigates_to_the_search_Hotel_Page(StepDefinition.java:76)
	at ✽.Then User verify the Homepage navigates to the search Hotel Page(src/test/java/com/adactin/feature/Adactin.feature:13)
</failure>
  </testcase>
</testsuite>